<?xml version="1.0" encoding="UTF-8"?>
<testng-results skipped="0" failed="0" total="1" passed="1">
  <reporter-output>
  </reporter-output>
  <suite name="Default suite" duration-ms="739" started-at="2020-07-25T10:37:42Z" finished-at="2020-07-25T10:37:43Z">
    <groups>
      <group name="cucumber">
        <method signature="AbstractTestNGCucumberTests.feature(cucumber.api.testng.CucumberFeatureWrapper)[pri:0, instance:com.xero.cucumberOptions.testNGRunner@553f17c]" name="feature" class="cucumber.api.testng.AbstractTestNGCucumberTests"/>
      </group> <!-- cucumber -->
    </groups>
    <test name="Default test" duration-ms="739" started-at="2020-07-25T10:37:42Z" finished-at="2020-07-25T10:37:43Z">
      <class name="com.xero.cucumberOptions.testNGRunner">
        <test-method status="PASS" signature="setUpClass()[pri:0, instance:com.xero.cucumberOptions.testNGRunner@553f17c]" name="setUpClass" is-config="true" duration-ms="498" started-at="2020-07-25T22:37:42Z" finished-at="2020-07-25T22:37:42Z">
          <reporter-output>
          </reporter-output>
        </test-method> <!-- setUpClass -->
        <test-method status="PASS" signature="feature(cucumber.api.testng.CucumberFeatureWrapper)[pri:0, instance:com.xero.cucumberOptions.testNGRunner@553f17c]" name="feature" duration-ms="22" started-at="2020-07-25T22:37:43Z" description="Runs Cucumber Feature" data-provider="features" finished-at="2020-07-25T22:37:43Z">
          <params>
            <param index="0">
              <value>
                <![CDATA[Add bank account]]>
              </value>
            </param>
          </params>
          <reporter-output>
          </reporter-output>
        </test-method> <!-- feature -->
        <test-method status="PASS" signature="tearDownClass()[pri:0, instance:com.xero.cucumberOptions.testNGRunner@553f17c]" name="tearDownClass" is-config="true" duration-ms="43" started-at="2020-07-25T22:37:43Z" finished-at="2020-07-25T22:37:43Z">
          <reporter-output>
          </reporter-output>
        </test-method> <!-- tearDownClass -->
      </class> <!-- com.xero.cucumberOptions.testNGRunner -->
    </test> <!-- Default test -->
  </suite> <!-- Default suite -->
</testng-results>
